1501594608414	geckodriver	INFO	Listening on 127.0.0.1:54579
1501594610478	geckodriver::marionette	INFO	Starting browser C:\Program Files (x86)\Mozilla Firefox\firefox.exe with args ["-marionette"]
1501594611035	addons.manager	DEBUG	Application has been upgraded
1501594611433	addons.manager	DEBUG	Loaded provider scope for resource://gre/modules/addons/XPIProvider.jsm: ["XPIProvider"]
1501594611436	addons.manager	DEBUG	Loaded provider scope for resource://gre/modules/LightweightThemeManager.jsm: ["LightweightThemeManager"]
1501594611439	addons.manager	DEBUG	Loaded provider scope for resource://gre/modules/addons/GMPProvider.jsm
1501594611441	addons.manager	DEBUG	Loaded provider scope for resource://gre/modules/addons/PluginProvider.jsm
1501594611442	addons.manager	DEBUG	Starting provider: XPIProvider
1501594611442	addons.xpi	DEBUG	startup
1501594611443	addons.xpi	INFO	SystemAddonInstallLocation directory is missing
1501594611444	addons.xpi	INFO	Mapping aushelper@mozilla.org to C:\Program Files (x86)\Mozilla Firefox\browser\features\aushelper@mozilla.org.xpi
1501594611444	addons.xpi	INFO	Mapping e10srollout@mozilla.org to C:\Program Files (x86)\Mozilla Firefox\browser\features\e10srollout@mozilla.org.xpi
1501594611444	addons.xpi	INFO	Mapping firefox@getpocket.com to C:\Program Files (x86)\Mozilla Firefox\browser\features\firefox@getpocket.com.xpi
1501594611444	addons.xpi	INFO	Mapping webcompat@mozilla.org to C:\Program Files (x86)\Mozilla Firefox\browser\features\webcompat@mozilla.org.xpi
1501594611445	addons.xpi	INFO	Mapping {972ce4c6-7e08-4474-a285-3208198ce6fd} to C:\Program Files (x86)\Mozilla Firefox\browser\extensions\{972ce4c6-7e08-4474-a285-3208198ce6fd}.xpi
1501594611446	addons.xpi	DEBUG	checkForChanges
1501594611446	addons.xpi	INFO	SystemAddonInstallLocation directory is missing
1501594611446	addons.xpi	DEBUG	Loaded add-on state from prefs: {}
1501594611447	addons.xpi	DEBUG	New add-on aushelper@mozilla.org in app-system-defaults
1501594611448	addons.xpi	DEBUG	getModTime: Recursive scan of aushelper@mozilla.org
1501594611448	addons.xpi	DEBUG	New add-on e10srollout@mozilla.org in app-system-defaults
1501594611449	addons.xpi	DEBUG	getModTime: Recursive scan of e10srollout@mozilla.org
1501594611449	addons.xpi	DEBUG	New add-on firefox@getpocket.com in app-system-defaults
1501594611449	addons.xpi	DEBUG	getModTime: Recursive scan of firefox@getpocket.com
1501594611450	addons.xpi	DEBUG	New add-on webcompat@mozilla.org in app-system-defaults
1501594611450	addons.xpi	DEBUG	getModTime: Recursive scan of webcompat@mozilla.org
1501594611451	addons.xpi	DEBUG	New add-on {972ce4c6-7e08-4474-a285-3208198ce6fd} in app-global
1501594611451	addons.xpi	DEBUG	getModTime: Recursive scan of {972ce4c6-7e08-4474-a285-3208198ce6fd}
1501594611452	addons.xpi	DEBUG	getInstallState changed: true, state: {"app-system-defaults":{"aushelper@mozilla.org":{"d":"C:\\Program Files (x86)\\Mozilla Firefox\\browser\\features\\aushelper@mozilla.org.xpi","st":1498675182335},"e10srollout@mozilla.org":{"d":"C:\\Program Files (x86)\\Mozilla Firefox\\browser\\features\\e10srollout@mozilla.org.xpi","st":1498675182348},"firefox@getpocket.com":{"d":"C:\\Program Files (x86)\\Mozilla Firefox\\browser\\features\\firefox@getpocket.com.xpi","st":1498675191829},"webcompat@mozilla.org":{"d":"C:\\Program Files (x86)\\Mozilla Firefox\\browser\\features\\webcompat@mozilla.org.xpi","st":1498675182365}},"app-global":{"{972ce4c6-7e08-4474-a285-3208198ce6fd}":{"d":"C:\\Program Files (x86)\\Mozilla Firefox\\browser\\extensions\\{972ce4c6-7e08-4474-a285-3208198ce6fd}.xpi","st":1498675182425}}}
1501594611463	addons.xpi-utils	DEBUG	Opening XPI database C:\Users\ADMINI~1\AppData\Local\Temp\rust_mozprofile.a6WxvI6UyHBp\extensions.json
1501594611467	addons.xpi-utils	DEBUG	New add-on aushelper@mozilla.org installed in app-system-defaults
*** Blocklist::_loadBlocklistFromFile: blocklist is disabled
1501594611478	DeferredSave.extensions.json	DEBUG	Save changes
1501594611479	addons.xpi-utils	DEBUG	New add-on e10srollout@mozilla.org installed in app-system-defaults
1501594611482	DeferredSave.extensions.json	DEBUG	Starting timer
1501594611484	DeferredSave.extensions.json	DEBUG	Save changes
1501594611484	addons.xpi-utils	DEBUG	New add-on firefox@getpocket.com installed in app-system-defaults
1501594611491	DeferredSave.extensions.json	DEBUG	Save changes
1501594611491	addons.xpi-utils	DEBUG	New add-on webcompat@mozilla.org installed in app-system-defaults
1501594611496	DeferredSave.extensions.json	DEBUG	Save changes
1501594611497	addons.xpi-utils	DEBUG	New add-on {972ce4c6-7e08-4474-a285-3208198ce6fd} installed in app-global
1501594611500	DeferredSave.extensions.json	DEBUG	Save changes
1501594611501	addons.manager	DEBUG	Registering startup change 'installed' for aushelper@mozilla.org
1501594611509	addons.xpi	DEBUG	Loading bootstrap scope from C:\Program Files (x86)\Mozilla Firefox\browser\features\aushelper@mozilla.org.xpi
1501594611514	addons.xpi	DEBUG	Calling bootstrap method install on aushelper@mozilla.org version 2.0
1501594611514	addons.xpi-utils	DEBUG	Make addon app-system-defaults:aushelper@mozilla.org visible
1501594611515	DeferredSave.extensions.json	DEBUG	Save changes
1501594611515	addons.manager	DEBUG	Registering startup change 'installed' for e10srollout@mozilla.org
1501594611515	addons.xpi	DEBUG	Loading bootstrap scope from C:\Program Files (x86)\Mozilla Firefox\browser\features\e10srollout@mozilla.org.xpi
1501594611518	addons.xpi	DEBUG	Calling bootstrap method install on e10srollout@mozilla.org version 1.10
1501594611520	addons.xpi-utils	DEBUG	Make addon app-system-defaults:e10srollout@mozilla.org visible
1501594611521	DeferredSave.extensions.json	DEBUG	Save changes
1501594611521	addons.manager	DEBUG	Registering startup change 'installed' for firefox@getpocket.com
1501594611522	addons.xpi	DEBUG	Loading bootstrap scope from C:\Program Files (x86)\Mozilla Firefox\browser\features\firefox@getpocket.com.xpi
1501594611526	addons.xpi	DEBUG	Calling bootstrap method install on firefox@getpocket.com version 1.0.5
1501594611526	addons.xpi-utils	DEBUG	Make addon app-system-defaults:firefox@getpocket.com visible
1501594611526	DeferredSave.extensions.json	DEBUG	Save changes
1501594611527	addons.manager	DEBUG	Registering startup change 'installed' for webcompat@mozilla.org
1501594611527	addons.xpi	DEBUG	Loading bootstrap scope from C:\Program Files (x86)\Mozilla Firefox\browser\features\webcompat@mozilla.org.xpi
1501594611529	addons.xpi	DEBUG	Calling bootstrap method install on webcompat@mozilla.org version 1.0
1501594611529	addons.xpi-utils	DEBUG	Make addon app-system-defaults:webcompat@mozilla.org visible
1501594611530	DeferredSave.extensions.json	DEBUG	Save changes
1501594611530	addons.xpi-utils	DEBUG	Make addon app-global:{972ce4c6-7e08-4474-a285-3208198ce6fd} visible
1501594611530	DeferredSave.extensions.json	DEBUG	Save changes
1501594611531	addons.xpi	DEBUG	Updating XPIState for {"id":"aushelper@mozilla.org","syncGUID":"{9cd8b2f8-282a-48a0-a590-362d1e8f0b6a}","location":"app-system-defaults","version":"2.0","type":"extension","internalName":null,"updateURL":null,"updateKey":null,"optionsURL":null,"optionsType":null,"aboutURL":null,"icons":{},"iconURL":null,"icon64URL":null,"defaultLocale":{"name":"Application Update Service Helper","description":"Sets value(s) in the update url based on custom checks.","creator":null,"homepageURL":null},"visible":true,"active":true,"userDisabled":false,"appDisabled":false,"descriptor":"C:\\Program Files (x86)\\Mozilla Firefox\\browser\\features\\aushelper@mozilla.org.xpi","installDate":1498675182335,"updateDate":1498675182335,"applyBackgroundUpdates":1,"bootstrap":true,"skinnable":false,"size":8488,"sourceURI":null,"releaseNotesURI":null,"softDisabled":false,"foreignInstall":false,"hasBinaryComponents":false,"strictCompatibility":false,"locales":[],"targetApplications":[{"id":"{ec8030f7-c20a-464f-9b0e-13a3a9e97384}","minVersion":"52.2.1","maxVersion":"52.*"}],"targetPlatforms":[],"multiprocessCompatible":true,"seen":true,"dependencies":[],"hasEmbeddedWebExtension":false,"mpcOptedOut":false}
1501594611531	addons.xpi	DEBUG	getModTime: Recursive scan of aushelper@mozilla.org
1501594611531	addons.xpi	DEBUG	Updating XPIState for {"id":"e10srollout@mozilla.org","syncGUID":"{fe853144-16d8-41ac-a748-34ef82799ed5}","location":"app-system-defaults","version":"1.10","type":"extension","internalName":null,"updateURL":null,"updateKey":null,"optionsURL":null,"optionsType":null,"aboutURL":null,"icons":{},"iconURL":null,"icon64URL":null,"defaultLocale":{"name":"Multi-process staged rollout","description":"Staged rollout of Firefox multi-process feature.","creator":null,"homepageURL":null},"visible":true,"active":true,"userDisabled":false,"appDisabled":false,"descriptor":"C:\\Program Files (x86)\\Mozilla Firefox\\browser\\features\\e10srollout@mozilla.org.xpi","installDate":1498675182348,"updateDate":1498675182348,"applyBackgroundUpdates":1,"bootstrap":true,"skinnable":false,"size":8145,"sourceURI":null,"releaseNotesURI":null,"softDisabled":false,"foreignInstall":false,"hasBinaryComponents":false,"strictCompatibility":false,"locales":[],"targetApplications":[{"id":"{ec8030f7-c20a-464f-9b0e-13a3a9e97384}","minVersion":"52.2.1","maxVersion":"52.*"}],"targetPlatforms":[],"multiprocessCompatible":true,"seen":true,"dependencies":[],"hasEmbeddedWebExtension":false,"mpcOptedOut":false}
1501594611531	addons.xpi	DEBUG	getModTime: Recursive scan of e10srollout@mozilla.org
1501594611532	addons.xpi	DEBUG	Updating XPIState for {"id":"firefox@getpocket.com","syncGUID":"{5e479d92-14ee-4659-9f2d-312fbb830768}","location":"app-system-defaults","version":"1.0.5","type":"extension","internalName":null,"updateURL":null,"updateKey":null,"optionsURL":null,"optionsType":null,"aboutURL":null,"icons":{},"iconURL":null,"icon64URL":null,"defaultLocale":{"name":"Pocket","description":"When you find something you want to view later, put it in Pocket.","creator":null,"homepageURL":null},"visible":true,"active":true,"userDisabled":false,"appDisabled":false,"descriptor":"C:\\Program Files (x86)\\Mozilla Firefox\\browser\\features\\firefox@getpocket.com.xpi","installDate":1498675191829,"updateDate":1498675191829,"applyBackgroundUpdates":1,"bootstrap":true,"skinnable":false,"size":920329,"sourceURI":null,"releaseNotesURI":null,"softDisabled":false,"foreignInstall":false,"hasBinaryComponents":false,"strictCompatibility":false,"locales":[],"targetApplications":[{"id":"{ec8030f7-c20a-464f-9b0e-13a3a9e97384}","minVersion":"52.2.1","maxVersion":"52.*"}],"targetPlatforms":[],"multiprocessCompatible":true,"seen":true,"dependencies":[],"hasEmbeddedWebExtension":false,"mpcOptedOut":false}
1501594611532	addons.xpi	DEBUG	getModTime: Recursive scan of firefox@getpocket.com
1501594611532	addons.xpi	DEBUG	Updating XPIState for {"id":"webcompat@mozilla.org","syncGUID":"{ecabd705-7790-42f6-b82d-d9934388b12d}","location":"app-system-defaults","version":"1.0","type":"extension","internalName":null,"updateURL":null,"updateKey":null,"optionsURL":null,"optionsType":null,"aboutURL":null,"icons":{},"iconURL":null,"icon64URL":null,"defaultLocale":{"name":"Web Compat","description":"Urgent post-release fixes for web compatibility.","creator":null,"homepageURL":null},"visible":true,"active":true,"userDisabled":false,"appDisabled":false,"descriptor":"C:\\Program Files (x86)\\Mozilla Firefox\\browser\\features\\webcompat@mozilla.org.xpi","installDate":1498675182365,"updateDate":1498675182365,"applyBackgroundUpdates":1,"bootstrap":true,"skinnable":false,"size":1456,"sourceURI":null,"releaseNotesURI":null,"softDisabled":false,"foreignInstall":false,"hasBinaryComponents":false,"strictCompatibility":false,"locales":[],"targetApplications":[{"id":"{ec8030f7-c20a-464f-9b0e-13a3a9e97384}","minVersion":"52.2.1","maxVersion":"52.*"}],"targetPlatforms":[],"multiprocessCompatible":true,"seen":true,"dependencies":[],"hasEmbeddedWebExtension":false,"mpcOptedOut":false}
1501594611532	addons.xpi	DEBUG	getModTime: Recursive scan of webcompat@mozilla.org
1501594611533	addons.xpi	DEBUG	Updating XPIState for {"id":"{972ce4c6-7e08-4474-a285-3208198ce6fd}","syncGUID":"{0728a2fc-9b72-43f6-ac22-a203e90cbdb4}","location":"app-global","version":"52.2.1","type":"theme","internalName":"classic/1.0","updateURL":null,"updateKey":null,"optionsURL":null,"optionsType":null,"aboutURL":null,"icons":{"32":"icon.png","48":"icon.png"},"iconURL":null,"icon64URL":null,"defaultLocale":{"name":"Default","description":"The default theme.","creator":"Mozilla","homepageURL":null,"contributors":["Mozilla Contributors"]},"visible":true,"active":true,"userDisabled":false,"appDisabled":false,"descriptor":"C:\\Program Files (x86)\\Mozilla Firefox\\browser\\extensions\\{972ce4c6-7e08-4474-a285-3208198ce6fd}.xpi","installDate":1498675182425,"updateDate":1498675182425,"applyBackgroundUpdates":1,"skinnable":true,"size":19587,"sourceURI":null,"releaseNotesURI":null,"softDisabled":false,"foreignInstall":false,"hasBinaryComponents":false,"strictCompatibility":true,"locales":[],"targetApplications":[{"id":"{ec8030f7-c20a-464f-9b0e-13a3a9e97384}","minVersion":"52.2.1","maxVersion":"52.2.1"}],"targetPlatforms":[],"seen":true,"dependencies":[],"hasEmbeddedWebExtension":false}
1501594611533	addons.xpi	DEBUG	getModTime: Recursive scan of {972ce4c6-7e08-4474-a285-3208198ce6fd}
1501594611534	DeferredSave.extensions.json	DEBUG	Save changes
1501594611534	addons.xpi	DEBUG	Updating database with changes to installed add-ons
1501594611534	addons.xpi-utils	DEBUG	Updating add-on states
1501594611537	addons.xpi-utils	DEBUG	Writing add-ons list
1501594611542	addons.xpi	DEBUG	Registering manifest for C:\Program Files (x86)\Mozilla Firefox\browser\features\aushelper@mozilla.org.xpi
1501594611543	addons.xpi	DEBUG	Calling bootstrap method startup on aushelper@mozilla.org version 2.0
1501594611544	addons.xpi	DEBUG	Registering manifest for C:\Program Files (x86)\Mozilla Firefox\browser\features\e10srollout@mozilla.org.xpi
1501594611545	addons.xpi	DEBUG	Calling bootstrap method startup on e10srollout@mozilla.org version 1.10
1501594611546	addons.xpi	DEBUG	Registering manifest for C:\Program Files (x86)\Mozilla Firefox\browser\features\firefox@getpocket.com.xpi
1501594611547	addons.xpi	DEBUG	Calling bootstrap method startup on firefox@getpocket.com version 1.0.5
1501594611548	addons.xpi	DEBUG	Registering manifest for C:\Program Files (x86)\Mozilla Firefox\browser\features\webcompat@mozilla.org.xpi
1501594611548	addons.xpi	DEBUG	Calling bootstrap method startup on webcompat@mozilla.org version 1.0
1501594611551	addons.manager	DEBUG	Registering shutdown blocker for XPIProvider
1501594611551	addons.manager	DEBUG	Provider finished startup: XPIProvider
1501594611551	addons.manager	DEBUG	Starting provider: LightweightThemeManager
1501594611551	addons.manager	DEBUG	Registering shutdown blocker for LightweightThemeManager
1501594611551	addons.manager	DEBUG	Provider finished startup: LightweightThemeManager
1501594611552	addons.manager	DEBUG	Starting provider: GMPProvider
1501594611562	addons.manager	DEBUG	Registering shutdown blocker for GMPProvider
1501594611563	addons.manager	DEBUG	Provider finished startup: GMPProvider
1501594611563	addons.manager	DEBUG	Starting provider: PluginProvider
1501594611563	addons.manager	DEBUG	Registering shutdown blocker for PluginProvider
1501594611563	addons.manager	DEBUG	Provider finished startup: PluginProvider
1501594611563	addons.manager	DEBUG	Completed startup sequence
1501594615479	Marionette	INFO	Listening on port 54585
1501594615519	addons.manager	DEBUG	Starting provider: <unnamed-provider>
1501594615519	addons.manager	DEBUG	Registering shutdown blocker for <unnamed-provider>
1501594615519	addons.manager	DEBUG	Provider finished startup: <unnamed-provider>
1501594615556	addons.manager	DEBUG	Starting provider: PreviousExperimentProvider
1501594615556	addons.manager	DEBUG	Registering shutdown blocker for PreviousExperimentProvider
1501594615557	addons.manager	DEBUG	Provider finished startup: PreviousExperimentProvider
1501594615560	DeferredSave.extensions.json	DEBUG	Starting write
1501594615746	Marionette	WARN	TLS certificate errors will be ignored for this session
1501594616788	DeferredSave.extensions.json	DEBUG	Write succeeded
1501594616789	addons.xpi-utils	DEBUG	XPI Database saved, setting schema version preference to 19
1501594676313	addons.productaddons	INFO	sending request to: https://aus5.mozilla.org/update/3/GMP/52.2.1/20170627155318/WINNT_x86-msvc-x64/zh-CN/esr-cck-mozillaonline/Windows_NT%2010.0.0.0%20(x64)/MozillaOnline/2017.7/update.xml
1501594677997	addons.productaddons	INFO	Completed downloading document
1501594679912	addons.productaddons	INFO	downloadXHR File download. status=200
1501594679915	addons.productaddons	INFO	Downloaded file will be saved to C:\Users\ADMINI~1\AppData\Local\Temp\tmpaddon
1501594694198	addons.productaddons	INFO	downloadXHR File download. status=200
1501594694201	addons.productaddons	INFO	Downloaded file will be saved to C:\Users\ADMINI~1\AppData\Local\Temp\tmpaddon
1501595002843	addons.manager	INFO	Skipping background update check
1501595242856	DeferredSave.extensions.json	DEBUG	Save changes
1501595242857	DeferredSave.extensions.json	DEBUG	Starting timer
1501595242879	DeferredSave.extensions.json	DEBUG	Starting write
1501595242885	DeferredSave.extensions.json	DEBUG	Write succeeded
1501601043241	addons.xpi	DEBUG	Calling bootstrap method shutdown on webcompat@mozilla.org version 1.0
1501601043241	addons.xpi	DEBUG	Calling bootstrap method shutdown on firefox@getpocket.com version 1.0.5
1501601043242	addons.xpi	DEBUG	Calling bootstrap method shutdown on e10srollout@mozilla.org version 1.10
1501601043244	addons.xpi	DEBUG	Calling bootstrap method shutdown on aushelper@mozilla.org version 2.0

###!!! [Parent][MessageChannel] Error: (msgtype=0x2C0092,name=PBrowser::Msg_UpdateNativeWindowHandle) Closed channel: cannot send/recv


###!!! [Parent][MessageChannel] Error: (msgtype=0x2C0085,name=PBrowser::Msg_Destroy) Closed channel: cannot send/recv


###!!! [Child][MessageChannel] Error: (msgtype=0x2C0001,name=PBrowser::Msg_AsyncMessage) Closed channel: cannot send/recv

JavaScript error: chrome://browser/content/tab-content.js, line 321: NS_ERROR_UNEXPECTED: Component returned failure code: 0x8000ffff (NS_ERROR_UNEXPECTED) [nsIMessageSender.sendAsyncMessage]

###!!! [Child][MessageChannel] Error: (msgtype=0x2C0001,name=PBrowser::Msg_AsyncMessage) Closed channel: cannot send/recv

JavaScript error: chrome://browser/content/content.js, line 672: NS_ERROR_UNEXPECTED: Component returned failure code: 0x8000ffff (NS_ERROR_UNEXPECTED) [nsIMessageSender.sendAsyncMessage]

###!!! [Child][MessageChannel] Error: (msgtype=0x2C002B,name=PBrowser::Msg_SetInputContext) Closed channel: cannot send/recv

1501601043309	addons.manager	DEBUG	shutdown
1501601043310	addons.manager	DEBUG	Calling shutdown blocker for XPIProvider
1501601043311	addons.xpi	DEBUG	shutdown
1501601043311	addons.xpi-utils	DEBUG	shutdown
1501601043311	addons.manager	DEBUG	Calling shutdown blocker for LightweightThemeManager
1501601043312	addons.manager	DEBUG	Calling shutdown blocker for GMPProvider
1501601043316	addons.manager	DEBUG	Calling shutdown blocker for PluginProvider
1501601043317	addons.manager	DEBUG	Calling shutdown blocker for <unnamed-provider>
1501601043319	addons.manager	DEBUG	Calling shutdown blocker for PreviousExperimentProvider
1501601043323	addons.xpi	DEBUG	Notifying XPI shutdown observers
1501601043329	addons.manager	DEBUG	Async provider shutdown done
ource://devtools/client/framework/toolbox.js:1524:9
Toolbox.prototype.selectTool/<@resource://gre/modules/commonjs/toolkit/loader.js -> resource://devtools/client/framework/toolbox.js:1510:7
Handler.prototype.process@resource://gre/modules/Promise.jsm -> resource://gre/modules/Promise-backend.js:932:23
this.PromiseWalker.walkerLoop@resource://gre/modules/Promise.jsm -> resource://gre/modules/Promise-backend.js:813:7
this.PromiseWalker.scheduleWalkerLoop/<@resource://gre/modules/Promise.jsm -> resource://gre/modules/Promise-backend.js:747:11

1501424385217	addons.xpi	DEBUG	Calling bootstrap method shutdown on webcompat@mozilla.org version 1.0
1501424385218	addons.xpi	DEBUG	Calling bootstrap method shutdown on firefox@getpocket.com version 1.0.5
1501424385218	addons.xpi	DEBUG	Calling bootstrap method shutdown on e10srollout@mozilla.org version 1.10
1501424385219	addons.xpi	DEBUG	Calling bootstrap method shutdown on aushelper@mozilla.org version 2.0
1501424385412	addons.manager	DEBUG	shutdown
1501424385412	addons.manager	DEBUG	Calling shutdown blocker for XPIProvider
1501424385412	addons.xpi	DEBUG	shutdown
1501424385412	addons.xpi-utils	DEBUG	shutdown
1501424385413	addons.manager	DEBUG	Calling shutdown blocker for LightweightThemeManager
1501424385414	addons.manager	DEBUG	Calling shutdown blocker for GMPProvider
1501424385416	addons.manager	DEBUG	Calling shutdown blocker for PluginProvider
1501424385417	addons.manager	DEBUG	Calling shutdown blocker for <unnamed-provider>
1501424385418	addons.manager	DEBUG	Calling shutdown blocker for PreviousExperimentProvider
1501424385421	addons.xpi	DEBUG	Notifying XPI shutdown observers
1501424385425	addons.manager	DEBUG	Async provider shutdown done
